

<!DOCTYPE html>
<html>
<head>
<meta charset="UTF-8">
<meta name="viewport" content="width=device-width, initial-scale=1, shrink-to-fit=no">
<title>Nimble Test Automation Report</title>
<link rel="apple-touch-icon" href="https://cdn.jsdelivr.net/gh/extent-framework/extent-github-cdn@b00a2d0486596e73dd7326beacf352c639623a0e/commons/img/logo.png">
<link rel="shortcut icon" href="https://cdn.jsdelivr.net/gh/extent-framework/extent-github-cdn@b00a2d0486596e73dd7326beacf352c639623a0e/commons/img/logo.png">
<link href="https://cdn.jsdelivr.net/gh/extent-framework/extent-github-cdn@ce8b10435bcbae260c334c0d0c6b61d2c19b6168/spark/css/spark-style.css" rel="stylesheet" />
<link href="https://stackpath.bootstrapcdn.com/font-awesome/4.7.0/css/font-awesome.min.css" rel="stylesheet">
<script src="https://cdn.jsdelivr.net/gh/extent-framework/extent-github-cdn@7cc78ce/spark/js/jsontree.js"></script>
<style type="text/css">
.logo-content {
text-align: center;
padding: 20px;
}
.logo {
max-width: 200px;
}
</style></head><body class="spa bdd-report standard">
  <div class="app">
    <div class="layout">
<div class="header navbar">
<div class="vheader">
<div class="nav-logo">
<a href="#">
<div class="logo" style="background-image: url('https://cdn.jsdelivr.net/gh/extent-framework/extent-github-cdn@b00a2d0486596e73dd7326beacf352c639623a0e/commons/img/logo.png')"></div>
</a>
</div>
<ul class="nav-left">
<li class="search-box">
<a class="search-toggle" href="#">
<i class="search-icon fa fa-search"></i>
<i class="search-icon-close fa fa-close"></i>
</a>
</li>
<li class="search-input"><input id="search-tests" class="form-control" type="text" placeholder="Search..."></li>
</ul>
<ul class="nav-right">
<li class="m-r-10">
<a href="#"><span class="badge badge-primary">Nimble Test Execution Report</span></a>
</li>
<li class="m-r-10">
<a href="#"><span class="badge badge-primary">Dec 19, 2025 01:42:34 PM</span></a>
</li>
</ul>
</div>
</div><div class="side-nav">
<div class="side-nav-inner">
<ul class="side-nav-menu">
<li class="nav-item dropdown" onclick="toggleView('test-view')">
<a id="nav-test" class="dropdown-toggle" href="#">
<span class="ico"><i class="fa fa-list"></i></span>
</a>
</li>
<li class="nav-item dropdown" onclick="toggleView('exception-view')">
<a id="nav-exception" class="dropdown-toggle" href="#">
<span class="ico"><i class="fa fa-bug"></i></span>
</a>
</li>
<li class="nav-item dropdown" onclick="toggleView('category-view')">
<a id="nav-category" class="dropdown-toggle" href="#">
<span class="ico"><i class="fa fa-tag"></i></span>
</a>
</li>
<li class="nav-item dropdown" onclick="toggleView('dashboard-view')">
<a id="nav-dashboard" class="dropdown-toggle" href="#">
<span class="ico"><i class="fa fa-bar-chart"></i></span>
</a>
</li>
</ul>
</div>
</div>      <div class="vcontainer">
        <div class="main-content">
<div class="test-wrapper row view test-view">
  <div class="test-list">
    <div class="test-list-tools">
<ul class="tools pull-left">
<li><a href="#"><span class="font-size-14">Tests</span></a></li>
</ul>
<ul class="tools text-right">
<li class="dropdown">
<a href="#" class="dropdown-toggle" data-toggle="dropdown"><i class="fa fa-exclamation-circle"></i></a>
<ul id="status-toggle" class="dropdown-menu dropdown-md p-v-0">
<a class="dropdown-item" status="fail" href="#"><span>Fail</span><span class="status danger"></span></a>
<div class="dropdown-divider"></div>
<a status="clear" class="dropdown-item" href="#"><span>Clear</span><span class="pull-right"><i class="fa fa-close"></i></span></a>
</ul>
</li>
<li class="dropdown">
<a href="#" class="dropdown-toggle" data-toggle="dropdown"><i class="fa fa-tag"></i></a>
<ul id="tag-toggle" class="dropdown-menu dropdown-md p-v-0">
<a class="dropdown-item" href="#">@loan_details</a><a class="dropdown-item" href="#">@regression</a><a class="dropdown-item" href="#">@sanity</a>
</ul>
</li>
</ul>
</div>    <div class="test-list-wrapper scrollable">
      <ul class="test-list-item">
        <li class="test-item"  status="fail" test-id="1"
          author=""
          tag=""
          device="">
          <div class="test-detail">
            <p class="name">Credit feature</p>
            <p class="text-sm">
              <span>1:42:44 PM</span> / <span>00:01:02:733</span>
              <span class="badge fail-bg log float-right">Fail</span>
            </p>
          </div>
          <div class="test-contents d-none">
<div class="detail-head">
<div class="p-v-10">
<div class="info">
<h5 class="test-status text-fail">Credit feature</h5>
<span class='badge badge-success'>12.19.2025 1:42:44 PM</span>
<span class='badge badge-danger'>12.19.2025 1:43:47 PM</span>
<span class='badge badge-default'>00:01:02:733</span>
&middot; <span class='uri-anchor badge badge-default'>#test-id=1</span>
<span title='Skip to the next failed step' class='badge badge-danger pointer float-right ne ml-1'><i class="fa fa-fast-forward"></i></span>
<span title='Collapse all nodes' class='badge badge-default pointer float-right ct ml-1'><i class="fa fa-compress"></i></span>
<span title='Expand all nodes' class='badge badge-default pointer float-right et'><i class="fa fa-expand"></i></span>
</div>
<div class="m-t-10 m-l-5"></div>
</div>
</div>
<div class="accordion mt-4">
  <div class="card">
    <div class="card-header" role="tab">
      <div class="card-title">
        <div class="node" id="2"><span class="badge log fail-bg mr-2">Fail</span>Lead scenario</div>
      </div>
    </div>
        <div class="">
          <div class="card-body">
              <div class="step pass-bg" title="com.nimble.stepDefinitions.UserActionSteps.clickActionMerged(java.lang.String,java.lang.String,java.lang.String,java.lang.String,java.lang.String,java.lang.String,java.lang.String)">
                <span>And click "Allow" inside span</span>
      <div>
      </div>
              </div>
              <div class="step pass-bg" title="com.nimble.stepDefinitions.WaitSteps.wait(int)">
                <span>And wait 2 sec</span>
      <div>
      </div>
              </div>
              <div class="step pass-bg" title="com.nimble.stepDefinitions.UserActionSteps.setLocationPermission(java.lang.String,java.lang.String)">
                <span>And set location permission to allow</span>
      <div>
      </div>
              </div>
              <div class="step pass-bg" title="com.nimble.stepDefinitions.UserActionSteps.enter(java.lang.String,java.lang.String,java.lang.String)">
                <span>And enter "gaurav.g@vastuhfc.com" into "Enter your email"</span>
      <div>
      </div>
              </div>
              <div class="step pass-bg" title="com.nimble.stepDefinitions.UserActionSteps.enter(java.lang.String,java.lang.String,java.lang.String)">
                <span>And enter "Vastu@123" into "Enter your password"</span>
      <div>
      </div>
              </div>
              <div class="step pass-bg" title="com.nimble.stepDefinitions.WaitSteps.wait(int)">
                <span>And wait 3 sec</span>
      <div>
      </div>
              </div>
              <div class="step pass-bg" title="com.nimble.stepDefinitions.UserActionSteps.clickActionMerged(java.lang.String,java.lang.String,java.lang.String,java.lang.String,java.lang.String,java.lang.String,java.lang.String)">
                <span>And click "Sign in"</span>
      <div>
      </div>
              </div>
              <div class="step fail-bg" title="com.nimble.stepDefinitions.UserActionSteps.clickActionMerged(java.lang.String,java.lang.String,java.lang.String,java.lang.String,java.lang.String,java.lang.String,java.lang.String)">
                <span>And click "Credit" inside span</span>
      <div>
        <textarea disabled class="code-block">com.microsoft.playwright.impl.TargetClosedError: Error {
  message='Target page, context or browser has been closed
  name='TargetClosedError
  stack='TargetClosedError: Target page, context or browser has been closed
    at DispatcherConnection.dispatch (/private/var/folders/mx/w_r54_q94792qv29z1963kyr0000gn/T/playwright-java-13292256034326208789/package/lib/server/dispatchers/dispatcher.js:260:69)
    at transport.onmessage (/private/var/folders/mx/w_r54_q94792qv29z1963kyr0000gn/T/playwright-java-13292256034326208789/package/lib/cli/driver.js:53:59)
    at Immediate._onImmediate (/private/var/folders/mx/w_r54_q94792qv29z1963kyr0000gn/T/playwright-java-13292256034326208789/package/lib/server/utils/pipeTransport.js:76:16)
    at process.processImmediate (node:internal/timers:504:21)
}
	at com.microsoft.playwright.impl.WaitableResult.get(WaitableResult.java:54)
	at com.microsoft.playwright.impl.ChannelOwner.runUntil(ChannelOwner.java:138)
	at com.microsoft.playwright.impl.Connection.sendMessage(Connection.java:131)
	at com.microsoft.playwright.impl.ChannelOwner.sendMessage(ChannelOwner.java:124)
	at com.microsoft.playwright.impl.FrameImpl.queryCount(FrameImpl.java:1037)
	at com.microsoft.playwright.impl.LocatorImpl.count(LocatorImpl.java:169)
	at com.nimble.interactors.WebAppInteractor.getElementByVisibleText(WebAppInteractor.java:326)
	at com.nimble.interactors.WebAppInteractor.getElementByVisibleText(WebAppInteractor.java:1)
	at com.nimble.stepDefinitions.BaseSteps.getElement(BaseSteps.java:265)
	at com.nimble.stepDefinitions.UserActionSteps.clickActionMerged(UserActionSteps.java:185)
	at ✽.click "Credit" inside span(file:///Users/mac/Documents/viom-studio/test_suite_repositories/sample-test-suites-repo-1765884081593/test-suite-1765783670576/execution_20251219_134220/src/test/java/com/nimble/feature/LoanProcessing.feature:14)
Caused by: com.microsoft.playwright.impl.TargetClosedError: Error {
  message='Target page, context or browser has been closed
  name='TargetClosedError
  stack='TargetClosedError: Target page, context or browser has been closed
    at DispatcherConnection.dispatch (/private/var/folders/mx/w_r54_q94792qv29z1963kyr0000gn/T/playwright-java-13292256034326208789/package/lib/server/dispatchers/dispatcher.js:260:69)
    at transport.onmessage (/private/var/folders/mx/w_r54_q94792qv29z1963kyr0000gn/T/playwright-java-13292256034326208789/package/lib/cli/driver.js:53:59)
    at Immediate._onImmediate (/private/var/folders/mx/w_r54_q94792qv29z1963kyr0000gn/T/playwright-java-13292256034326208789/package/lib/server/utils/pipeTransport.js:76:16)
    at process.processImmediate (node:internal/timers:504:21)
}
	at com.microsoft.playwright.impl.Connection.dispatch(Connection.java:259)
	at com.microsoft.playwright.impl.Connection.processOneMessage(Connection.java:214)
	at com.microsoft.playwright.impl.ChannelOwner.runUntil(ChannelOwner.java:136)
	at com.microsoft.playwright.impl.Connection.sendMessage(Connection.java:131)
	at com.microsoft.playwright.impl.ChannelOwner.sendMessage(ChannelOwner.java:124)
	at com.microsoft.playwright.impl.FrameImpl.queryCount(FrameImpl.java:1037)
	at com.microsoft.playwright.impl.LocatorImpl.count(LocatorImpl.java:169)
	at com.nimble.interactors.WebAppInteractor.getElementByVisibleText(WebAppInteractor.java:326)
	at com.nimble.interactors.WebAppInteractor.getElementByVisibleText(WebAppInteractor.java:1)
	at com.nimble.stepDefinitions.BaseSteps.getElement(BaseSteps.java:265)
	at com.nimble.stepDefinitions.UserActionSteps.clickActionMerged(UserActionSteps.java:185)
	at java.base/jdk.internal.reflect.NativeMethodAccessorImpl.invoke0(Native Method)
	at java.base/jdk.internal.reflect.NativeMethodAccessorImpl.invoke(NativeMethodAccessorImpl.java:62)
	at java.base/jdk.internal.reflect.DelegatingMethodAccessorImpl.invoke(DelegatingMethodAccessorImpl.java:43)
	at java.base/java.lang.reflect.Method.invoke(Method.java:566)
	at io.cucumber.java.Invoker.doInvoke(Invoker.java:66)
	at io.cucumber.java.Invoker.invoke(Invoker.java:24)
	at io.cucumber.java.AbstractGlueDefinition.invokeMethod(AbstractGlueDefinition.java:47)
	at io.cucumber.java.JavaStepDefinition.execute(JavaStepDefinition.java:29)
	at io.cucumber.core.runner.CoreStepDefinition.execute(CoreStepDefinition.java:66)
	at io.cucumber.core.runner.PickleStepDefinitionMatch.runStep(PickleStepDefinitionMatch.java:63)
	at io.cucumber.core.runner.ExecutionMode$1.execute(ExecutionMode.java:10)
	at io.cucumber.core.runner.TestStep.executeStep(TestStep.java:86)
	at io.cucumber.core.runner.TestStep.run(TestStep.java:57)
	at io.cucumber.core.runner.PickleStepTestStep.run(PickleStepTestStep.java:51)
	at io.cucumber.core.runner.TestCase.run(TestCase.java:95)
	at io.cucumber.core.runner.Runner.runPickle(Runner.java:75)
	at io.cucumber.testng.TestNGCucumberRunner.lambda$runScenario$1(TestNGCucumberRunner.java:132)
	at io.cucumber.core.runtime.CucumberExecutionContext.lambda$runTestCase$3(CucumberExecutionContext.java:110)
	at io.cucumber.core.runtime.RethrowingThrowableCollector.executeAndThrow(RethrowingThrowableCollector.java:23)
	at io.cucumber.core.runtime.CucumberExecutionContext.runTestCase(CucumberExecutionContext.java:110)
	at io.cucumber.testng.TestNGCucumberRunner.runScenario(TestNGCucumberRunner.java:129)
	at io.cucumber.testng.AbstractTestNGCucumberTests.runScenario(AbstractTestNGCucumberTests.java:35)
	at java.base/jdk.internal.reflect.NativeMethodAccessorImpl.invoke0(Native Method)
	at java.base/jdk.internal.reflect.NativeMethodAccessorImpl.invoke(NativeMethodAccessorImpl.java:62)
	at java.base/jdk.internal.reflect.DelegatingMethodAccessorImpl.invoke(DelegatingMethodAccessorImpl.java:43)
	at java.base/java.lang.reflect.Method.invoke(Method.java:566)
	at org.testng.internal.invokers.MethodInvocationHelper.invokeMethod(MethodInvocationHelper.java:139)
	at org.testng.internal.invokers.TestInvoker.invokeMethod(TestInvoker.java:677)
	at org.testng.internal.invokers.TestInvoker.invokeTestMethod(TestInvoker.java:221)
	at org.testng.internal.invokers.MethodRunner.runInSequence(MethodRunner.java:50)
	at org.testng.internal.invokers.TestInvoker$MethodInvocationAgent.invoke(TestInvoker.java:969)
	at org.testng.internal.invokers.TestInvoker.invokeTestMethods(TestInvoker.java:194)
	at org.testng.internal.invokers.TestMethodWorker.invokeTestMethods(TestMethodWorker.java:148)
	at org.testng.internal.invokers.TestMethodWorker.run(TestMethodWorker.java:128)
	at java.base/java.util.ArrayList.forEach(ArrayList.java:1541)
	at org.testng.TestRunner.privateRun(TestRunner.java:829)
	at org.testng.TestRunner.run(TestRunner.java:602)
	at org.testng.SuiteRunner.runTest(SuiteRunner.java:437)
	at org.testng.SuiteRunner.runSequentially(SuiteRunner.java:431)
	at org.testng.SuiteRunner.privateRun(SuiteRunner.java:391)
	at org.testng.SuiteRunner.run(SuiteRunner.java:330)
	at org.testng.SuiteRunnerWorker.runSuite(SuiteRunnerWorker.java:52)
	at org.testng.SuiteRunnerWorker.run(SuiteRunnerWorker.java:95)
	at org.testng.TestNG.runSuitesSequentially(TestNG.java:1256)
	at org.testng.TestNG.runSuitesLocally(TestNG.java:1176)
	at org.testng.TestNG.runSuites(TestNG.java:1099)
	at org.testng.TestNG.run(TestNG.java:1067)
	at org.apache.maven.surefire.testng.TestNGExecutor.run(TestNGExecutor.java:324)
	at org.apache.maven.surefire.testng.TestNGXmlTestSuite.execute(TestNGXmlTestSuite.java:74)
	at org.apache.maven.surefire.testng.TestNGProvider.invoke(TestNGProvider.java:123)
	at org.apache.maven.surefire.booter.ForkedBooter.runSuitesInProcess(ForkedBooter.java:456)
	at org.apache.maven.surefire.booter.ForkedBooter.execute(ForkedBooter.java:169)
	at org.apache.maven.surefire.booter.ForkedBooter.run(ForkedBooter.java:595)
	at org.apache.maven.surefire.booter.ForkedBooter.main(ForkedBooter.java:581)
</textarea>
      
      </div>
              </div>
              <div class="step skip-bg" title="com.nimble.stepDefinitions.UserActionSteps.clickActionMerged(java.lang.String,java.lang.String,java.lang.String,java.lang.String,java.lang.String,java.lang.String,java.lang.String)">
                <span>And click "Loan Detail" with exact phrase</span>
      <div>Step skipped
      </div>
              </div>
              <div class="step skip-bg" title="com.nimble.stepDefinitions.WaitSteps.wait(int)">
                <span>And wait 3 sec</span>
      <div>Step skipped
      </div>
              </div>
              <div class="step skip-bg" title="com.nimble.stepDefinitions.UserActionSteps.enter(java.lang.String,java.lang.String,java.lang.String)">
                <span>And enter "APP1766050944138" into "Type to search"</span>
      <div>Step skipped
      </div>
              </div>
              <div class="step skip-bg" title="com.nimble.stepDefinitions.WaitSteps.wait(int)">
                <span>And wait 2 sec</span>
      <div>Step skipped
      </div>
              </div>
              <div class="step skip-bg" title="com.nimble.stepDefinitions.UserActionSteps.clickOnElementGeneric(java.lang.String,java.lang.String,java.lang.String,java.lang.String,java.lang.String)">
                <span>And click on the element with class "view_button_loan_list"</span>
      <div>Step skipped
      </div>
              </div>
              <div class="step skip-bg" title="com.nimble.stepDefinitions.WaitSteps.wait(int)">
                <span>And wait 2 sec</span>
      <div>Step skipped
      </div>
              </div>
              <div class="step skip-bg" title="com.nimble.stepDefinitions.UserActionSteps.switchToLastOpenedTab()">
                <span>And switch to last opened tab</span>
      <div>Step skipped
      </div>
              </div>
              <div class="step skip-bg" title="com.nimble.stepDefinitions.UserActionSteps.clickActionMerged(java.lang.String,java.lang.String,java.lang.String,java.lang.String,java.lang.String,java.lang.String,java.lang.String)">
                <span>And click "View Detailed Progress "</span>
      <div>Step skipped
      </div>
              </div>
              <div class="step skip-bg" title="com.nimble.stepDefinitions.AssertSteps.checkTextOnScreen(java.lang.String,java.lang.String)">
                <span>And check that screen contains "Application Stages"</span>
      <div>Step skipped
      </div>
              </div>
              <div class="step skip-bg" title="com.nimble.stepDefinitions.AssertSteps.checkTextOnScreen(java.lang.String,java.lang.String)">
                <span>And check that screen contains "Lead"</span>
      <div>Step skipped
      </div>
              </div>
              <div class="step skip-bg" title="com.nimble.stepDefinitions.AssertSteps.checkTextOnScreen(java.lang.String,java.lang.String)">
                <span>And check that screen contains "Completed"</span>
      <div>Step skipped
      </div>
              </div>
              <div class="step skip-bg" title="com.nimble.stepDefinitions.WaitSteps.wait(int)">
                <span>And wait 2 sec</span>
      <div>Step skipped
      </div>
              </div>
              <div class="step fail-bg" title="AFTER">
                <span>com.nimble.hooks.Hooks.tearDown(io.cucumber.java.Scenario)</span>
      <div>
        <textarea disabled class="code-block">java.lang.RuntimeException: Teardown step failed because scenario failed
	at com.nimble.hooks.Hooks.tearDown(Hooks.java:212)
</textarea>
      
      </div>
              </div>
          </div>
        </div>
  </div>
  <div class="card">
    <div class="card-header" role="tab">
      <div class="card-title">
        <div class="node" id="25"><span class="badge log fail-bg mr-2">Fail</span>AML scenario</div>
      </div>
    </div>
        <div class="">
          <div class="card-body">
              <div class="step fail-bg" title="com.nimble.stepDefinitions.AssertSteps.checkTextListOnScreen(java.lang.String,java.util.List<java.lang.String>)">
                <span>And check that screen contains following</span>
      <div><table class='markup-table table '><tr><td>AML</td></tr><tr><td>Completed (Positive)</td></tr></table>
      </div>
      <div>
        <textarea disabled class="code-block">java.lang.AssertionError: The following asserts failed:
	Error occurred while verifying element 'AML': Error {
  message='Target page, context or browser has been closed
  name='TargetClosedError
  stack='TargetClosedError: Target page, context or browser has been closed
    at DispatcherConnection.dispatch (/private/var/folders/mx/w_r54_q94792qv29z1963kyr0000gn/T/playwright-java-13292256034326208789/package/lib/server/dispatchers/dispatcher.js:260:69)
    at transport.onmessage (/private/var/folders/mx/w_r54_q94792qv29z1963kyr0000gn/T/playwright-java-13292256034326208789/package/lib/cli/driver.js:53:59)
    at Immediate._onImmediate (/private/var/folders/mx/w_r54_q94792qv29z1963kyr0000gn/T/playwright-java-13292256034326208789/package/lib/server/utils/pipeTransport.js:76:16)
    at process.processImmediate (node:internal/timers:504:21)
},
	Error occurred while verifying element 'Completed (Positive)': Error {
  message='Target page, context or browser has been closed
  name='TargetClosedError
  stack='TargetClosedError: Target page, context or browser has been closed
    at DispatcherConnection.dispatch (/private/var/folders/mx/w_r54_q94792qv29z1963kyr0000gn/T/playwright-java-13292256034326208789/package/lib/server/dispatchers/dispatcher.js:260:69)
    at transport.onmessage (/private/var/folders/mx/w_r54_q94792qv29z1963kyr0000gn/T/playwright-java-13292256034326208789/package/lib/cli/driver.js:53:59)
    at Immediate._onImmediate (/private/var/folders/mx/w_r54_q94792qv29z1963kyr0000gn/T/playwright-java-13292256034326208789/package/lib/server/utils/pipeTransport.js:76:16)
    at process.processImmediate (node:internal/timers:504:21)
}
	at org.testng.asserts.SoftAssert.assertAll(SoftAssert.java:46)
	at org.testng.asserts.SoftAssert.assertAll(SoftAssert.java:30)
	at com.nimble.stepDefinitions.AssertSteps.checkTextListOnScreen(AssertSteps.java:273)
	at ✽.check that screen contains following(file:///Users/mac/Documents/viom-studio/test_suite_repositories/sample-test-suites-repo-1765884081593/test-suite-1765783670576/execution_20251219_134220/src/test/java/com/nimble/feature/LoanProcessing.feature:42)
</textarea>
      
      </div>
              </div>
              <div class="step fail-bg" title="AFTER">
                <span>com.nimble.hooks.Hooks.tearDown(io.cucumber.java.Scenario)</span>
      <div>
        <textarea disabled class="code-block">java.lang.RuntimeException: Teardown step failed because scenario failed
	at com.nimble.hooks.Hooks.tearDown(Hooks.java:212)
</textarea>
      
      </div>
              </div>
          </div>
        </div>
  </div>
  <div class="card">
    <div class="card-header" role="tab">
      <div class="card-title">
        <div class="node" id="29"><span class="badge log fail-bg mr-2">Fail</span>Dedupe scenario</div>
      </div>
    </div>
        <div class="">
          <div class="card-body">
              <div class="step fail-bg" title="com.nimble.stepDefinitions.AssertSteps.checkTextListOnScreen(java.lang.String,java.util.List<java.lang.String>)">
                <span>And check that screen contains following</span>
      <div><table class='markup-table table '><tr><td>Dedupe</td></tr><tr><td>Initiated</td></tr></table>
      </div>
      <div>
        <textarea disabled class="code-block">java.lang.AssertionError: The following asserts failed:
	Error occurred while verifying element 'Dedupe': Error {
  message='Target page, context or browser has been closed
  name='TargetClosedError
  stack='TargetClosedError: Target page, context or browser has been closed
    at DispatcherConnection.dispatch (/private/var/folders/mx/w_r54_q94792qv29z1963kyr0000gn/T/playwright-java-13292256034326208789/package/lib/server/dispatchers/dispatcher.js:260:69)
    at transport.onmessage (/private/var/folders/mx/w_r54_q94792qv29z1963kyr0000gn/T/playwright-java-13292256034326208789/package/lib/cli/driver.js:53:59)
    at Immediate._onImmediate (/private/var/folders/mx/w_r54_q94792qv29z1963kyr0000gn/T/playwright-java-13292256034326208789/package/lib/server/utils/pipeTransport.js:76:16)
    at process.processImmediate (node:internal/timers:504:21)
},
	Error occurred while verifying element 'Initiated': Error {
  message='Target page, context or browser has been closed
  name='TargetClosedError
  stack='TargetClosedError: Target page, context or browser has been closed
    at DispatcherConnection.dispatch (/private/var/folders/mx/w_r54_q94792qv29z1963kyr0000gn/T/playwright-java-13292256034326208789/package/lib/server/dispatchers/dispatcher.js:260:69)
    at transport.onmessage (/private/var/folders/mx/w_r54_q94792qv29z1963kyr0000gn/T/playwright-java-13292256034326208789/package/lib/cli/driver.js:53:59)
    at Immediate._onImmediate (/private/var/folders/mx/w_r54_q94792qv29z1963kyr0000gn/T/playwright-java-13292256034326208789/package/lib/server/utils/pipeTransport.js:76:16)
    at process.processImmediate (node:internal/timers:504:21)
}
	at org.testng.asserts.SoftAssert.assertAll(SoftAssert.java:46)
	at org.testng.asserts.SoftAssert.assertAll(SoftAssert.java:30)
	at com.nimble.stepDefinitions.AssertSteps.checkTextListOnScreen(AssertSteps.java:273)
	at ✽.check that screen contains following(file:///Users/mac/Documents/viom-studio/test_suite_repositories/sample-test-suites-repo-1765884081593/test-suite-1765783670576/execution_20251219_134220/src/test/java/com/nimble/feature/LoanProcessing.feature:48)
</textarea>
      
      </div>
              </div>
              <div class="step skip-bg" title="com.nimble.stepDefinitions.UserActionSteps.clickOnElementGeneric(java.lang.String,java.lang.String,java.lang.String,java.lang.String,java.lang.String)">
                <span>And click on the element with class "stage_icons" at index 2</span>
      <div>Step skipped
      </div>
              </div>
              <div class="step skip-bg" title="com.nimble.stepDefinitions.UserActionSteps.clickOnElementGeneric(java.lang.String,java.lang.String,java.lang.String,java.lang.String,java.lang.String)">
                <span>And click on the element with id as "user"</span>
      <div>Step skipped
      </div>
              </div>
              <div class="step skip-bg" title="com.nimble.stepDefinitions.UserActionSteps.enter(java.lang.String)">
                <span>And enter "Farheen"</span>
      <div>Step skipped
      </div>
              </div>
              <div class="step skip-bg" title="com.nimble.stepDefinitions.UserActionSteps.clickActionMerged(java.lang.String,java.lang.String,java.lang.String,java.lang.String,java.lang.String,java.lang.String,java.lang.String)">
                <span>And click "Farheen Ansari (EMP03384)"</span>
      <div>Step skipped
      </div>
              </div>
              <div class="step skip-bg" title="com.nimble.stepDefinitions.UserActionSteps.clickOnElementGeneric(java.lang.String,java.lang.String,java.lang.String,java.lang.String,java.lang.String)">
                <span>And click on the element with id as "reason"</span>
      <div>Step skipped
      </div>
              </div>
              <div class="step skip-bg" title="com.nimble.stepDefinitions.UserActionSteps.enter(java.lang.String)">
                <span>And enter "reason"</span>
      <div>Step skipped
      </div>
              </div>
              <div class="step skip-bg" title="com.nimble.stepDefinitions.UserActionSteps.clickActionMerged(java.lang.String,java.lang.String,java.lang.String,java.lang.String,java.lang.String,java.lang.String,java.lang.String)">
                <span>And click "Submit"</span>
      <div>Step skipped
      </div>
              </div>
              <div class="step skip-bg" title="com.nimble.stepDefinitions.UserActionSteps.clickRelativeToElementExtended(java.lang.String,int,java.lang.String,java.lang.String,java.lang.String,java.lang.String,java.lang.String,java.lang.String,java.lang.String,java.lang.String)">
                <span>And click on the 2nd child with class "form_header"</span>
      <div>Step skipped
      </div>
              </div>
              <div class="step skip-bg" title="com.nimble.stepDefinitions.UserActionSteps.clickActionMerged(java.lang.String,java.lang.String,java.lang.String,java.lang.String,java.lang.String,java.lang.String,java.lang.String)">
                <span>And click "{el:profile_element}"</span>
      <div>Step skipped
      </div>
              </div>
              <div class="step skip-bg" title="com.nimble.stepDefinitions.UserActionSteps.clickActionMerged(java.lang.String,java.lang.String,java.lang.String,java.lang.String,java.lang.String,java.lang.String,java.lang.String)">
                <span>And click "Log Out"</span>
      <div>Step skipped
      </div>
              </div>
              <div class="step skip-bg" title="com.nimble.stepDefinitions.WaitSteps.wait(int)">
                <span>And wait 5 sec</span>
      <div>Step skipped
      </div>
              </div>
              <div class="step skip-bg" title="com.nimble.stepDefinitions.UserActionSteps.clickActionMerged(java.lang.String,java.lang.String,java.lang.String,java.lang.String,java.lang.String,java.lang.String,java.lang.String)">
                <span>And click "Allow" inside span</span>
      <div>Step skipped
      </div>
              </div>
              <div class="step skip-bg" title="com.nimble.stepDefinitions.WaitSteps.wait(int)">
                <span>And wait 2 sec</span>
      <div>Step skipped
      </div>
              </div>
              <div class="step skip-bg" title="com.nimble.stepDefinitions.UserActionSteps.setLocationPermission(java.lang.String,java.lang.String)">
                <span>And set location permission to allow</span>
      <div>Step skipped
      </div>
              </div>
              <div class="step skip-bg" title="com.nimble.stepDefinitions.UserActionSteps.enter(java.lang.String,java.lang.String,java.lang.String)">
                <span>And enter "hema.mahajan@vastuhfc.com" into "Enter your email"</span>
      <div>Step skipped
      </div>
              </div>
              <div class="step skip-bg" title="com.nimble.stepDefinitions.UserActionSteps.enter(java.lang.String,java.lang.String,java.lang.String)">
                <span>And enter "Vastu@123" into "Enter your password"</span>
      <div>Step skipped
      </div>
              </div>
              <div class="step skip-bg" title="com.nimble.stepDefinitions.WaitSteps.wait(int)">
                <span>And wait 3 sec</span>
      <div>Step skipped
      </div>
              </div>
              <div class="step skip-bg" title="com.nimble.stepDefinitions.UserActionSteps.clickActionMerged(java.lang.String,java.lang.String,java.lang.String,java.lang.String,java.lang.String,java.lang.String,java.lang.String)">
                <span>And click "Sign in"</span>
      <div>Step skipped
      </div>
              </div>
              <div class="step skip-bg" title="com.nimble.stepDefinitions.UserActionSteps.clickActionMerged(java.lang.String,java.lang.String,java.lang.String,java.lang.String,java.lang.String,java.lang.String,java.lang.String)">
                <span>And click "Credit" inside span</span>
      <div>Step skipped
      </div>
              </div>
              <div class="step skip-bg" title="com.nimble.stepDefinitions.UserActionSteps.clickActionMerged(java.lang.String,java.lang.String,java.lang.String,java.lang.String,java.lang.String,java.lang.String,java.lang.String)">
                <span>And click "Loan Detail" with exact phrase</span>
      <div>Step skipped
      </div>
              </div>
              <div class="step skip-bg" title="com.nimble.stepDefinitions.WaitSteps.wait(int)">
                <span>And wait 3 sec</span>
      <div>Step skipped
      </div>
              </div>
              <div class="step skip-bg" title="com.nimble.stepDefinitions.UserActionSteps.enter(java.lang.String,java.lang.String,java.lang.String)">
                <span>And enter "value" into "Type to search"</span>
      <div>Step skipped
      </div>
              </div>
              <div class="step skip-bg" title="com.nimble.stepDefinitions.WaitSteps.wait(int)">
                <span>And wait 2 sec</span>
      <div>Step skipped
      </div>
              </div>
              <div class="step skip-bg" title="com.nimble.stepDefinitions.AssertSteps.checkTextOnScreen(java.lang.String,java.lang.String)">
                <span>And check that screen contains "forward"</span>
      <div>Step skipped
      </div>
              </div>
              <div class="step skip-bg" title="com.nimble.stepDefinitions.UserActionSteps.clickActionMerged(java.lang.String,java.lang.String,java.lang.String,java.lang.String,java.lang.String,java.lang.String,java.lang.String)">
                <span>And click "Forward"</span>
      <div>Step skipped
      </div>
              </div>
              <div class="step skip-bg" title="com.nimble.stepDefinitions.AssertSteps.checkTextListOnScreen(java.lang.String,java.util.List<java.lang.String>)">
                <span>And check that screen contains following</span>
      <div><table class='markup-table table '><tr><td>Loan Account Number</td></tr><tr><td>Matched LAN’s</td></tr></table>
      </div>
      <div>Step skipped
      </div>
              </div>
              <div class="step skip-bg" title="com.nimble.stepDefinitions.UserActionSteps.clickActionMerged(java.lang.String,java.lang.String,java.lang.String,java.lang.String,java.lang.String,java.lang.String,java.lang.String)">
                <span>And click "Link"</span>
      <div>Step skipped
      </div>
              </div>
              <div class="step skip-bg" title="com.nimble.stepDefinitions.AssertSteps.checkTextOnScreen(java.lang.String,java.lang.String)">
                <span>And check that screen contains "Are you sure you want to link lan?"</span>
      <div>Step skipped
      </div>
              </div>
              <div class="step skip-bg" title="com.nimble.stepDefinitions.UserActionSteps.clickActionMerged(java.lang.String,java.lang.String,java.lang.String,java.lang.String,java.lang.String,java.lang.String,java.lang.String)">
                <span>And click "OK"</span>
      <div>Step skipped
      </div>
              </div>
              <div class="step skip-bg" title="com.nimble.stepDefinitions.WaitSteps.wait(int)">
                <span>And wait 2 sec</span>
      <div>Step skipped
      </div>
              </div>
              <div class="step skip-bg" title="com.nimble.stepDefinitions.AssertSteps.checkTextOnScreen(java.lang.String,java.lang.String)">
                <span>And check that screen contains "Linked"</span>
      <div>Step skipped
      </div>
              </div>
              <div class="step skip-bg" title="com.nimble.stepDefinitions.UserActionSteps.clickActionMerged(java.lang.String,java.lang.String,java.lang.String,java.lang.String,java.lang.String,java.lang.String,java.lang.String)">
                <span>And click "Overall Status"</span>
      <div>Step skipped
      </div>
              </div>
              <div class="step skip-bg" title="com.nimble.stepDefinitions.UserActionSteps.clickActionMerged(java.lang.String,java.lang.String,java.lang.String,java.lang.String,java.lang.String,java.lang.String,java.lang.String)">
                <span>And click on the 2nd "Overall Status"</span>
      <div>Step skipped
      </div>
              </div>
              <div class="step skip-bg" title="com.nimble.stepDefinitions.UserActionSteps.clickActionMerged(java.lang.String,java.lang.String,java.lang.String,java.lang.String,java.lang.String,java.lang.String,java.lang.String)">
                <span>And click "positive"</span>
      <div>Step skipped
      </div>
              </div>
              <div class="step skip-bg" title="com.nimble.stepDefinitions.UserActionSteps.clickActionMerged(java.lang.String,java.lang.String,java.lang.String,java.lang.String,java.lang.String,java.lang.String,java.lang.String)">
                <span>And click "Remark"</span>
      <div>Step skipped
      </div>
              </div>
              <div class="step skip-bg" title="com.nimble.stepDefinitions.UserActionSteps.enter(java.lang.String)">
                <span>And enter "add-remark"</span>
      <div>Step skipped
      </div>
              </div>
              <div class="step skip-bg" title="com.nimble.stepDefinitions.UserActionSteps.clickActionMerged(java.lang.String,java.lang.String,java.lang.String,java.lang.String,java.lang.String,java.lang.String,java.lang.String)">
                <span>And click "submit"</span>
      <div>Step skipped
      </div>
              </div>
              <div class="step skip-bg" title="com.nimble.stepDefinitions.UserActionSteps.switchToMainTab()">
                <span>And switch to main tab</span>
      <div>Step skipped
      </div>
              </div>
              <div class="step skip-bg" title="com.nimble.stepDefinitions.AssertSteps.checkTextOnScreen(java.lang.String,java.lang.String)">
                <span>And check that screen contains "completed"</span>
      <div>Step skipped
      </div>
              </div>
              <div class="step skip-bg" title="com.nimble.stepDefinitions.AssertSteps.checkElementIsLink(java.lang.String,java.lang.String,java.lang.String,java.lang.String)">
                <span>And check that "Completed" is a link</span>
      <div>Step skipped
      </div>
              </div>
              <div class="step skip-bg" title="com.nimble.stepDefinitions.UserActionSteps.clickRelativeToElementExtended(java.lang.String,int,java.lang.String,java.lang.String,java.lang.String,java.lang.String,java.lang.String,java.lang.String,java.lang.String,java.lang.String)">
                <span>And click on the 2nd child with class "form_header"</span>
      <div>Step skipped
      </div>
              </div>
              <div class="step skip-bg" title="com.nimble.stepDefinitions.UserActionSteps.clickActionMerged(java.lang.String,java.lang.String,java.lang.String,java.lang.String,java.lang.String,java.lang.String,java.lang.String)">
                <span>And click "{el:profile_element}"</span>
      <div>Step skipped
      </div>
              </div>
              <div class="step skip-bg" title="com.nimble.stepDefinitions.UserActionSteps.clickActionMerged(java.lang.String,java.lang.String,java.lang.String,java.lang.String,java.lang.String,java.lang.String,java.lang.String)">
                <span>And click "Log Out"</span>
      <div>Step skipped
      </div>
              </div>
              <div class="step skip-bg" title="com.nimble.stepDefinitions.UserActionSteps.clickActionMerged(java.lang.String,java.lang.String,java.lang.String,java.lang.String,java.lang.String,java.lang.String,java.lang.String)">
                <span>And click "Allow" inside span</span>
      <div>Step skipped
      </div>
              </div>
              <div class="step skip-bg" title="com.nimble.stepDefinitions.WaitSteps.wait(int)">
                <span>And wait 2 sec</span>
      <div>Step skipped
      </div>
              </div>
              <div class="step skip-bg" title="com.nimble.stepDefinitions.UserActionSteps.setLocationPermission(java.lang.String,java.lang.String)">
                <span>And set location permission to allow</span>
      <div>Step skipped
      </div>
              </div>
              <div class="step skip-bg" title="com.nimble.stepDefinitions.UserActionSteps.enter(java.lang.String,java.lang.String,java.lang.String)">
                <span>And enter "gaurav.g@vastuhfc.com" into "Enter your email"</span>
      <div>Step skipped
      </div>
              </div>
              <div class="step skip-bg" title="com.nimble.stepDefinitions.UserActionSteps.enter(java.lang.String,java.lang.String,java.lang.String)">
                <span>And enter "Vastu@123" into "Enter your password"</span>
      <div>Step skipped
      </div>
              </div>
              <div class="step skip-bg" title="com.nimble.stepDefinitions.WaitSteps.wait(int)">
                <span>And wait 3 sec</span>
      <div>Step skipped
      </div>
              </div>
              <div class="step skip-bg" title="com.nimble.stepDefinitions.UserActionSteps.clickActionMerged(java.lang.String,java.lang.String,java.lang.String,java.lang.String,java.lang.String,java.lang.String,java.lang.String)">
                <span>And click "Sign in"</span>
      <div>Step skipped
      </div>
              </div>
              <div class="step fail-bg" title="AFTER">
                <span>com.nimble.hooks.Hooks.tearDown(io.cucumber.java.Scenario)</span>
      <div>
        <textarea disabled class="code-block">java.lang.RuntimeException: Teardown step failed because scenario failed
	at com.nimble.hooks.Hooks.tearDown(Hooks.java:212)
</textarea>
      
      </div>
              </div>
          </div>
        </div>
  </div>
</div>
          </div>
        </li>
      </ul>
    </div>
  </div>
<div class="test-content scrollable">
<div class="test-content-tools">
<ul><li><a class="back-to-test" href="#"><i class="fa fa-arrow-left"></i></a></li></ul>
</div>
<div class="test-content-detail"><div class="detail-body"></div></div>
</div></div>
<div class="test-wrapper row view exception-view attributes-view">
<div class="test-list">
<div class="test-list-tools">
<ul class="tools pull-left"><li><a href=""><span class="font-size-14">Exception</span></a></li></ul>
<ul class="tools text-right"><li><a href="#"><span class="badge badge-primary">3</span></a></li></ul>
</div>
<div class="test-list-wrapper scrollable">
<ul class="test-list-item">
<li class="test-item">
<div class="test-detail">
<span class="meta">
<span class='badge log badge-danger'>3</span>
</span>
<p class="name">java.lang.RuntimeException</p>
<p class="duration text-sm">3 tests</p>
</div>
<div class="test-contents d-none">
<div class="info">
<h4>java.lang.RuntimeException</h4>
<span status="fail" class='badge log badge-danger'>3 failed</span>
</div>
<table class='table table-sm mt-4'>
<thead>
<tr>
<th class="status-col">Status</th>
<th class="timestamp-col">Timestamp</th>
<th>TestName</th>
</tr>
</thead>
<tbody>
<tr class="tag-test-status" status="fail">
<td><span class="badge log fail-bg">Fail</span></td>
<td>13:43:46 PM</td>
<td>
<a href="#" class="linked" test-id='1' id='24'>com.nimble.hooks.Hooks.tearDown(io.cucumber.java.Scenario)</a>
<div class="">
<span class="badge badge-default">Credit feature.Lead scenario.com.nimble.hooks.Hooks.tearDown(io.cucumber.java.Scenario)</span>
</div>
</td>
</tr>
<tr class="tag-test-status" status="fail">
<td><span class="badge log fail-bg">Fail</span></td>
<td>13:43:46 PM</td>
<td>
<a href="#" class="linked" test-id='1' id='28'>com.nimble.hooks.Hooks.tearDown(io.cucumber.java.Scenario)</a>
<div class="">
<span class="badge badge-default">Credit feature.AML scenario.com.nimble.hooks.Hooks.tearDown(io.cucumber.java.Scenario)</span>
</div>
</td>
</tr>
<tr class="tag-test-status" status="fail">
<td><span class="badge log fail-bg">Fail</span></td>
<td>13:43:47 PM</td>
<td>
<a href="#" class="linked" test-id='1' id='82'>com.nimble.hooks.Hooks.tearDown(io.cucumber.java.Scenario)</a>
<div class="">
<span class="badge badge-default">Credit feature.Dedupe scenario.com.nimble.hooks.Hooks.tearDown(io.cucumber.java.Scenario)</span>
</div>
</td>
</tr>
</tbody>
</table>
</div>
</li>
<li class="test-item">
<div class="test-detail">
<span class="meta">
<span class='badge log badge-danger'>1</span>
</span>
<p class="name">com.microsoft.playwright.impl.TargetClosedError</p>
<p class="duration text-sm">1 tests</p>
</div>
<div class="test-contents d-none">
<div class="info">
<h4>com.microsoft.playwright.impl.TargetClosedError</h4>
<span status="fail" class='badge log badge-danger'>1 failed</span>
</div>
<table class='table table-sm mt-4'>
<thead>
<tr>
<th class="status-col">Status</th>
<th class="timestamp-col">Timestamp</th>
<th>TestName</th>
</tr>
</thead>
<tbody>
<tr class="tag-test-status" status="fail">
<td><span class="badge log fail-bg">Fail</span></td>
<td>13:42:52 PM</td>
<td>
<a href="#" class="linked" test-id='1' id='11'>And click "Credit" inside span</a>
<div class="">
<span class="badge badge-default">Credit feature.Lead scenario.And click "Credit" inside span</span>
</div>
</td>
</tr>
</tbody>
</table>
</div>
</li>
<li class="test-item">
<div class="test-detail">
<span class="meta">
<span class='badge log badge-danger'>2</span>
</span>
<p class="name">java.lang.AssertionError</p>
<p class="duration text-sm">2 tests</p>
</div>
<div class="test-contents d-none">
<div class="info">
<h4>java.lang.AssertionError</h4>
<span status="fail" class='badge log badge-danger'>2 failed</span>
</div>
<table class='table table-sm mt-4'>
<thead>
<tr>
<th class="status-col">Status</th>
<th class="timestamp-col">Timestamp</th>
<th>TestName</th>
</tr>
</thead>
<tbody>
<tr class="tag-test-status" status="fail">
<td><span class="badge log fail-bg">Fail</span></td>
<td>13:43:46 PM</td>
<td>
<a href="#" class="linked" test-id='1' id='27'>And check that screen contains following</a>
<div class="">
<span class="badge badge-default">Credit feature.AML scenario.And check that screen contains following</span>
</div>
</td>
</tr>
<tr class="tag-test-status" status="fail">
<td><span class="badge log fail-bg">Fail</span></td>
<td>13:43:46 PM</td>
<td>
<a href="#" class="linked" test-id='1' id='31'>And check that screen contains following</a>
<div class="">
<span class="badge badge-default">Credit feature.Dedupe scenario.And check that screen contains following</span>
</div>
</td>
</tr>
</tbody>
</table>
</div>
</li>
</ul>
</div>
</div>
<div class="test-content scrollable">
<div class="test-content-detail">
<div class="detail-body"></div>
</div>
</div>
</div><div class="test-wrapper row view category-view attributes-view">
<div class="test-list">
<div class="test-list-tools">
<ul class="tools pull-left"><li><a href=""><span class="font-size-14">Category</span></a></li></ul>
<ul class="tools text-right"><li><a href="#"><span class="badge badge-primary">3</span></a></li></ul>
</div>
<div class="test-list-wrapper scrollable">
<ul class="test-list-item">
<li class="test-item">
<div class="test-detail">
<span class="meta">
<span class='badge log badge-danger'>3</span>
</span>
<p class="name">@loan_details</p>
<p class="duration text-sm">3 tests</p>
</div>
<div class="test-contents d-none">
<div class="info">
<h4>@loan_details</h4>
<span status="fail" class='badge log badge-danger'>3 failed</span>
</div>
<table class='table table-sm mt-4'>
<thead>
<tr>
<th class="status-col">Status</th>
<th class="timestamp-col">Timestamp</th>
<th>TestName</th>
</tr>
</thead>
<tbody>
<tr class="tag-test-status" status="fail">
<td><span class="badge log fail-bg">Fail</span></td>
<td>13:42:44 PM</td>
<td>
<a href="#" class="linked" test-id='1' id='2'>Lead scenario</a>
<div class="">
<span class="badge badge-default">Credit feature.Lead scenario</span>
</div>
</td>
</tr>
<tr class="tag-test-status" status="fail">
<td><span class="badge log fail-bg">Fail</span></td>
<td>13:43:46 PM</td>
<td>
<a href="#" class="linked" test-id='1' id='25'>AML scenario</a>
<div class="">
<span class="badge badge-default">Credit feature.AML scenario</span>
</div>
</td>
</tr>
<tr class="tag-test-status" status="fail">
<td><span class="badge log fail-bg">Fail</span></td>
<td>13:43:46 PM</td>
<td>
<a href="#" class="linked" test-id='1' id='29'>Dedupe scenario</a>
<div class="">
<span class="badge badge-default">Credit feature.Dedupe scenario</span>
</div>
</td>
</tr>
</tbody>
</table>
</div>
</li>
<li class="test-item">
<div class="test-detail">
<span class="meta">
<span class='badge log badge-danger'>3</span>
</span>
<p class="name">@regression</p>
<p class="duration text-sm">3 tests</p>
</div>
<div class="test-contents d-none">
<div class="info">
<h4>@regression</h4>
<span status="fail" class='badge log badge-danger'>3 failed</span>
</div>
<table class='table table-sm mt-4'>
<thead>
<tr>
<th class="status-col">Status</th>
<th class="timestamp-col">Timestamp</th>
<th>TestName</th>
</tr>
</thead>
<tbody>
<tr class="tag-test-status" status="fail">
<td><span class="badge log fail-bg">Fail</span></td>
<td>13:42:44 PM</td>
<td>
<a href="#" class="linked" test-id='1' id='2'>Lead scenario</a>
<div class="">
<span class="badge badge-default">Credit feature.Lead scenario</span>
</div>
</td>
</tr>
<tr class="tag-test-status" status="fail">
<td><span class="badge log fail-bg">Fail</span></td>
<td>13:43:46 PM</td>
<td>
<a href="#" class="linked" test-id='1' id='25'>AML scenario</a>
<div class="">
<span class="badge badge-default">Credit feature.AML scenario</span>
</div>
</td>
</tr>
<tr class="tag-test-status" status="fail">
<td><span class="badge log fail-bg">Fail</span></td>
<td>13:43:46 PM</td>
<td>
<a href="#" class="linked" test-id='1' id='29'>Dedupe scenario</a>
<div class="">
<span class="badge badge-default">Credit feature.Dedupe scenario</span>
</div>
</td>
</tr>
</tbody>
</table>
</div>
</li>
<li class="test-item">
<div class="test-detail">
<span class="meta">
<span class='badge log badge-danger'>3</span>
</span>
<p class="name">@sanity</p>
<p class="duration text-sm">3 tests</p>
</div>
<div class="test-contents d-none">
<div class="info">
<h4>@sanity</h4>
<span status="fail" class='badge log badge-danger'>3 failed</span>
</div>
<table class='table table-sm mt-4'>
<thead>
<tr>
<th class="status-col">Status</th>
<th class="timestamp-col">Timestamp</th>
<th>TestName</th>
</tr>
</thead>
<tbody>
<tr class="tag-test-status" status="fail">
<td><span class="badge log fail-bg">Fail</span></td>
<td>13:42:44 PM</td>
<td>
<a href="#" class="linked" test-id='1' id='2'>Lead scenario</a>
<div class="">
<span class="badge badge-default">Credit feature.Lead scenario</span>
</div>
</td>
</tr>
<tr class="tag-test-status" status="fail">
<td><span class="badge log fail-bg">Fail</span></td>
<td>13:43:46 PM</td>
<td>
<a href="#" class="linked" test-id='1' id='25'>AML scenario</a>
<div class="">
<span class="badge badge-default">Credit feature.AML scenario</span>
</div>
</td>
</tr>
<tr class="tag-test-status" status="fail">
<td><span class="badge log fail-bg">Fail</span></td>
<td>13:43:46 PM</td>
<td>
<a href="#" class="linked" test-id='1' id='29'>Dedupe scenario</a>
<div class="">
<span class="badge badge-default">Credit feature.Dedupe scenario</span>
</div>
</td>
</tr>
</tbody>
</table>
</div>
</li>
</ul>
</div>
</div>
<div class="test-content scrollable">
<div class="test-content-detail">
<div class="detail-body"></div>
</div>
</div>
</div><div class="container-fluid p-4 view dashboard-view">
<div class="row">
<div class="col-md-3">
<div class="card"><div class="card-body">
<p class="m-b-0">Started</p>
<h3>Dec 19, 2025 01:42:34 PM</h3>
</div></div>
</div>
<div class="col-md-3">
<div class="card"><div class="card-body">
<p class="m-b-0">Ended</p>
<h3>Dec 19, 2025 01:43:48 PM</h3>
</div></div>
</div>
<div class="col-md-3">
<div class="card"><div class="card-body">
<p class="m-b-0 text-pass">Features Passed</p>
<h3>0</h3>
</div></div>
</div>
<div class="col-md-3">
<div class="card"><div class="card-body">
<p class="m-b-0 text-fail">Features Failed</p>
<h3>1</h3>
</div></div>
</div>
</div>
<div class="row">
<div class="col-md-4">
<div class="card">
<div class="card-header">
<h6 class="card-title">Features</h6>
</div>
<div class="card-body">
<div class="">
<canvas id='parent-analysis' width='115' height='90'></canvas>
</div>
</div>
<div class="card-footer">
<div><small data-tooltip='0%'>
<b>0</b> features passed
</small>
</div>
<div>
<small data-tooltip='100%'><b>1</b> features failed,
<b>0</b> skipped, <b data-tooltip='0%'>0</b> others
</small>
</div>
</div>
</div>
</div>
<div class="col-md-4">
<div class="card">
<div class="card-header">
<h6 class="card-title">Scenarios</h6>
</div>
<div class="card-body">
<div class="">
<canvas id='child-analysis' width='115' height='90'></canvas>
</div>
</div>
<div class="card-footer">
<div><small data-tooltip='0%'><b>0</b> scenarios passed</small></div>
<div>
<small data-tooltip='100%'><b>3</b> scenarios failed,
<b>0</b> skipped, <b data-tooltip='%'>0</b> others
</small>
</div>
</div>
</div>
</div>
<div class="col-md-4">
<div class="card">
<div class="card-header">
<h6 class="card-title">Steps</h6>
</div>
<div class="card-body">
<div class="">
<canvas id='grandchild-analysis' width='115' height='90'></canvas>
</div>
</div>
<div class="card-footer">
<div><small data-tooltip='9%'><b>7</b> steps passed</small></div>
<div>
<small data-tooltip='8%'><b>6</b> steps failed,
<b>62</b> skipped, <b data-tooltip='%'>0</b> others
</small>
</div>
</div>
</div>
</div>
</div>
<div class="row"><div class="col-md-12">
<div class="card"><div class="card-header"><p>Timeline</p></div>
<div class="card-body pt-0"><div>
<canvas id="timeline" height="120"></canvas>
</div></div>
</div>
</div></div>
<script>
var timeline = {
"Credit feature":62.733
};
</script>
<div class="row">
<div class="col-lg-6 col-md-12 category-container">
<div class="card">
<div class="card-header"><p>Tags</p></div>
<div class="card-body pb-0 pt-0"><table class="table table-sm table-bordered">
<thead><tr class="bg-gray"><th>Name</th><th>Passed</th><th>Failed</th><th>Skipped</th><th>Others</th><th>Passed %</th></tr></thead><tbody>
<tr>
<td>@loan_details</td>
<td>0</td>
<td>3</td>
<td>0</td>
<td>0</td>
<td>0%</td>
</tr>
<tr>
<td>@regression</td>
<td>0</td>
<td>3</td>
<td>0</td>
<td>0</td>
<td>0%</td>
</tr>
<tr>
<td>@sanity</td>
<td>0</td>
<td>3</td>
<td>0</td>
<td>0</td>
<td>0%</td>
</tr>
</tbody>
</table></div>
</div>
</div>
</div>
</div>
<script>
var statusGroup = {
parentCount: 5,
passParent: 0,
failParent: 1,
warningParent: 0,
skipParent: 0,
childCount: 5,
passChild: 0,
failChild: 3,
warningChild: 0,
skipChild: 0,
infoChild: 0,
grandChildCount: 5,
passGrandChild: 7,
failGrandChild: 6,
warningGrandChild: 0,
skipGrandChild: 62,
infoGrandChild: 0,
eventsCount: 5,
};
</script>        </div>
      </div>
    </div>
  </div>
<script src="https://cdn.jsdelivr.net/gh/extent-framework/extent-github-cdn@ce8b10435bcbae260c334c0d0c6b61d2c19b6168/spark/js/spark-script.js"></script>
<script type="text/javascript">
            
                (function() {
                    var REFRESH_INTERVAL_MS = 4000;

                    function nextUrl() {
                        try {
                            var url = new URL(window.location.href);
                            url.searchParams.set('_ts', Date.now());
                            return url.toString();
                        } catch (err) {
                            return window.location.href.split('#')[0].split('?')[0] + '?_ts=' + Date.now() + window.location.hash;
                        }
                    }

                    function scheduleRefresh() {
                        if (window.__extentAutoRefreshTimer) {
                            clearTimeout(window.__extentAutoRefreshTimer);
                        }
                        window.__extentAutoRefreshTimer = setTimeout(function trigger() {
                            if (!document.hidden) {
                                window.location.href = nextUrl();
                            } else {
                                scheduleRefresh();
                            }
                        }, REFRESH_INTERVAL_MS);
                    }

                    document.addEventListener('visibilitychange', function() {
                        if (!document.hidden) {
                            window.location.href = nextUrl();
                        }
                    });

                    if (document.readyState === 'loading') {
                        document.addEventListener('DOMContentLoaded', scheduleRefresh);
                    } else {
                        scheduleRefresh();
                    }
                })();

                $(document).ready(function() {
                    $('.logo-content').html('<img src="https://your-logo-url.png" class="logo" />');

                    function forceExpand(root) {
                        var scope = root || document;

                        scope.querySelectorAll('.test-contents.d-none').forEach(function(node) {
                            node.classList.remove('d-none');
                        });

                        scope.querySelectorAll('.test-contents').forEach(function(node) {
                            node.style.display = 'block';
                        });

                        scope.querySelectorAll('.collapse, .collapsible-body').forEach(function(node) {
                            if (!node.classList.contains('show')) {
                                node.classList.add('show');
                            }
                            node.style.display = 'block';
                        });

                        scope.querySelectorAll('.toggle[aria-expanded="false"], .collapsible-header[aria-expanded="false"], .card-toggle[aria-expanded="false"]').forEach(function(node) {
                            node.setAttribute('aria-expanded', 'true');
                        });
                    }

                    function triggerExpand() {
                        forceExpand(document);
                        document.querySelectorAll('.et').forEach(function(btn) {
                            if (btn && btn.click) {
                                btn.click();
                            }
                        });
                    }

                    triggerExpand();
                    setInterval(triggerExpand, 2000);

                    if (window.MutationObserver) {
                        var observer = new MutationObserver(function(mutations) {
                            mutations.forEach(function(mutation) {
                                mutation.addedNodes.forEach(function(node) {
                                    if (node.nodeType === 1) {
                                        forceExpand(node);
                                    }
                                });
                            });
                        });
                        observer.observe(document.body, { childList: true, subtree: true });
                    }
                });
            
        </script></body>
</html>